{"level":"info","message":{"duration":"17ms","method":"GET","params":{},"path":"/health","query":{},"status":200},"timestamp":"2025-07-30T14:31:57.630Z"}
{"level":"info","message":{"duration":"3ms","method":"GET","path":"/favicon.ico","query":{},"status":404},"timestamp":"2025-07-30T14:31:57.713Z"}
{"level":"info","message":{"duration":"1ms","method":"GET","params":{},"path":"/health/detailed","query":{},"status":200},"timestamp":"2025-07-30T14:33:14.353Z"}
{"level":"info","message":{"duration":"1ms","method":"GET","path":"/.well-known/appspecific/com.chrome.devtools.json","query":{},"status":404},"timestamp":"2025-07-30T14:33:22.973Z"}
{"level":"info","message":{"duration":"0ms","method":"GET","params":{},"path":"/health/detailed","query":{},"status":200},"timestamp":"2025-07-30T14:33:33.221Z"}
{"level":"info","message":{"duration":"1ms","method":"GET","path":"/.well-known/appspecific/com.chrome.devtools.json","query":{},"status":404},"timestamp":"2025-07-30T14:33:33.247Z"}
{"level":"info","message":{"duration":"1ms","method":"GET","params":{},"path":"/health/detailed","query":{},"status":200},"timestamp":"2025-07-30T14:33:54.943Z"}
{"level":"info","message":{"duration":"1ms","method":"GET","path":"/.well-known/appspecific/com.chrome.devtools.json","query":{},"status":404},"timestamp":"2025-07-30T14:33:54.972Z"}
{"level":"info","message":{"duration":"2ms","method":"GET","params":{},"path":"/health/detailed","query":{},"status":200},"timestamp":"2025-07-30T14:34:08.521Z"}
{"level":"info","message":{"duration":"1ms","method":"GET","path":"/.well-known/appspecific/com.chrome.devtools.json","query":{},"status":404},"timestamp":"2025-07-30T14:34:08.550Z"}
{"level":"info","message":{"duration":"1ms","method":"GET","params":{},"path":"/health/detailed","query":{},"status":200},"timestamp":"2025-07-30T14:34:14.815Z"}
{"level":"info","message":{"duration":"1ms","method":"GET","path":"/.well-known/appspecific/com.chrome.devtools.json","query":{},"status":404},"timestamp":"2025-07-30T14:34:14.843Z"}
{"level":"info","message":{"duration":"1ms","method":"GET","params":{},"path":"/health/detailed","query":{},"status":200},"timestamp":"2025-07-30T14:34:27.965Z"}
{"level":"info","message":{"duration":"1ms","method":"GET","path":"/.well-known/appspecific/com.chrome.devtools.json","query":{},"status":404},"timestamp":"2025-07-30T14:34:27.983Z"}
{"level":"info","message":{"duration":"5ms","method":"GET","params":{},"path":"/health/detailed","query":{},"status":200},"timestamp":"2025-07-30T14:35:12.104Z"}
{"level":"info","message":{"duration":"4ms","method":"GET","path":"/.well-known/appspecific/com.chrome.devtools.json","query":{},"status":404},"timestamp":"2025-07-30T14:35:12.135Z"}
{"level":"info","message":{"duration":"2ms","method":"GET","params":{},"path":"/health/detailed","query":{},"status":200},"timestamp":"2025-07-30T14:35:28.241Z"}
{"level":"info","message":{"duration":"2ms","method":"GET","path":"/.well-known/appspecific/com.chrome.devtools.json","query":{},"status":404},"timestamp":"2025-07-30T14:35:28.279Z"}
{"level":"info","message":{"duration":"1ms","method":"GET","params":{},"path":"/health/detailed","query":{},"status":200},"timestamp":"2025-07-30T14:35:46.822Z"}
{"level":"info","message":{"duration":"3ms","method":"GET","path":"/.well-known/appspecific/com.chrome.devtools.json","query":{},"status":404},"timestamp":"2025-07-30T14:35:46.858Z"}
{"activeCourses":0,"activeStudents":0,"courseCounts":[],"graduates":0,"level":"info","message":"Dashboard statistics retrieved successfully:","successRate":0,"timestamp":"2025-07-30T14:36:48.762Z","totalCourses":0,"totalStudents":0}
{"level":"info","message":{"duration":"43ms","method":"GET","params":{},"path":"/api/dashboard/stats","query":{},"status":200},"timestamp":"2025-07-30T14:36:48.763Z"}
{"level":"info","message":{"duration":"1ms","method":"GET","path":"/.well-known/appspecific/com.chrome.devtools.json","query":{},"status":404},"timestamp":"2025-07-30T14:36:48.789Z"}
{"level":"info","message":{"duration":"2ms","method":"GET","params":{},"path":"/health/detailed","query":{},"status":200},"timestamp":"2025-07-30T14:37:49.399Z"}
{"level":"info","message":{"duration":"1ms","method":"GET","path":"/.well-known/appspecific/com.chrome.devtools.json","query":{},"status":404},"timestamp":"2025-07-30T14:37:49.432Z"}
{"level":"info","message":{"duration":"7ms","method":"GET","params":{},"path":"/health/detailed","query":{},"status":200},"timestamp":"2025-07-30T14:39:49.861Z"}
{"level":"info","message":"Retrieved 0 courses successfully","timestamp":"2025-07-30T14:48:53.610Z"}
{"level":"info","message":{"duration":"18ms","method":"GET","params":{},"path":"/api/courses","query":{},"status":200},"timestamp":"2025-07-30T14:48:53.618Z"}
{"level":"info","message":"Retrieved 0 courses successfully","timestamp":"2025-07-30T14:48:53.631Z"}
{"level":"info","message":{"duration":"8ms","method":"GET","params":{},"path":"/api/courses","query":{},"status":304},"timestamp":"2025-07-30T14:48:53.635Z"}
{"courseId":"688a3122c1a4331cf7d92ccd","level":"info","message":"New course created:","name":"FullStack","timestamp":"2025-07-30T14:50:10.170Z"}
{"level":"info","message":{"body":{"description":"Its used to create web application where we create and design front end and access the data from the backend","duration":3,"name":"FullStack","status":"active"},"duration":"14ms","method":"POST","params":{},"path":"/api/courses","query":{},"status":201},"timestamp":"2025-07-30T14:50:10.171Z"}
{"level":"info","message":"Retrieved 1 courses successfully","timestamp":"2025-07-30T14:50:10.178Z"}
{"level":"info","message":{"duration":"6ms","method":"GET","params":{},"path":"/api/courses","query":{},"status":200},"timestamp":"2025-07-30T14:50:10.180Z"}
{"activeCourses":1,"activeStudents":0,"courseCounts":[],"graduates":0,"level":"info","message":"Dashboard statistics retrieved successfully:","successRate":0,"timestamp":"2025-07-30T14:50:10.221Z","totalCourses":1,"totalStudents":0}
{"level":"info","message":{"duration":"37ms","method":"GET","params":{},"path":"/api/dashboard/stats","query":{},"status":200},"timestamp":"2025-07-30T14:50:10.223Z"}
{"activeCourses":1,"activeStudents":0,"courseCounts":[],"graduates":0,"level":"info","message":"Dashboard statistics retrieved successfully:","successRate":0,"timestamp":"2025-07-30T14:50:15.703Z","totalCourses":1,"totalStudents":0}
{"level":"info","message":{"duration":"11ms","method":"GET","params":{},"path":"/api/dashboard/stats","query":{},"status":304},"timestamp":"2025-07-30T14:50:15.705Z"}
{"level":"info","message":"Retrieved 0 students successfully","timestamp":"2025-07-30T14:50:15.705Z"}
{"level":"info","message":{"duration":"14ms","method":"GET","params":{},"path":"/api/students","query":{},"status":200},"timestamp":"2025-07-30T14:50:15.706Z"}
{"level":"info","message":"Retrieved 0 students successfully","timestamp":"2025-07-30T14:50:22.188Z"}
{"level":"info","message":{"duration":"4ms","method":"GET","params":{},"path":"/api/students","query":{},"status":304},"timestamp":"2025-07-30T14:50:22.189Z"}
{"activeCourses":1,"activeStudents":0,"courseCounts":[],"graduates":0,"level":"info","message":"Dashboard statistics retrieved successfully:","successRate":0,"timestamp":"2025-07-30T14:50:22.201Z","totalCourses":1,"totalStudents":0}
{"level":"info","message":{"duration":"17ms","method":"GET","params":{},"path":"/api/dashboard/stats","query":{},"status":304},"timestamp":"2025-07-30T14:50:22.203Z"}
{"level":"info","message":"Retrieved 0 students successfully","timestamp":"2025-07-30T14:50:29.314Z"}
{"level":"info","message":{"duration":"3ms","method":"GET","params":{},"path":"/api/students","query":{},"status":304},"timestamp":"2025-07-30T14:50:29.315Z"}
{"activeCourses":1,"activeStudents":0,"courseCounts":[],"graduates":0,"level":"info","message":"Dashboard statistics retrieved successfully:","successRate":0,"timestamp":"2025-07-30T14:50:29.325Z","totalCourses":1,"totalStudents":0}
{"level":"info","message":{"duration":"13ms","method":"GET","params":{},"path":"/api/dashboard/stats","query":{},"status":304},"timestamp":"2025-07-30T14:50:29.326Z"}
{"level":"info","message":"Retrieved 0 students successfully","timestamp":"2025-07-30T14:50:32.633Z"}
{"level":"info","message":{"duration":"12ms","method":"GET","params":{},"path":"/api/students","query":{},"status":304},"timestamp":"2025-07-30T14:50:32.634Z"}
{"activeCourses":1,"activeStudents":0,"courseCounts":[],"graduates":0,"level":"info","message":"Dashboard statistics retrieved successfully:","successRate":0,"timestamp":"2025-07-30T14:50:32.640Z","totalCourses":1,"totalStudents":0}
{"level":"info","message":{"duration":"18ms","method":"GET","params":{},"path":"/api/dashboard/stats","query":{},"status":304},"timestamp":"2025-07-30T14:50:32.641Z"}
{"course":"688a3122c1a4331cf7d92ccd","level":"info","message":"New student created:","name":"Rohith R","studentId":"688a314ec1a4331cf7d92cf2","timestamp":"2025-07-30T14:50:54.778Z"}
{"level":"info","message":{"body":{"course":"688a3122c1a4331cf7d92ccd","email":"roh@gmail.com","enrollmentDate":"2012-02-15","name":"Rohith R","status":"active"},"duration":"6ms","method":"POST","params":{},"path":"/api/students","query":{},"status":201},"timestamp":"2025-07-30T14:50:54.779Z"}
{"level":"info","message":"Retrieved 1 students successfully","timestamp":"2025-07-30T14:50:54.788Z"}
{"level":"info","message":{"duration":"6ms","method":"GET","params":{},"path":"/api/students","query":{},"status":200},"timestamp":"2025-07-30T14:50:54.789Z"}
{"activeCourses":1,"activeStudents":1,"courseCounts":[{"_id":"688a3122c1a4331cf7d92ccd","count":1}],"graduates":0,"level":"info","message":"Dashboard statistics retrieved successfully:","successRate":0,"timestamp":"2025-07-30T14:50:54.831Z","totalCourses":1,"totalStudents":1}
{"level":"info","message":{"duration":"29ms","method":"GET","params":{},"path":"/api/dashboard/stats","query":{},"status":200},"timestamp":"2025-07-30T14:50:54.833Z"}
{"level":"info","message":"Retrieved 1 students successfully","timestamp":"2025-07-30T14:50:56.534Z"}
{"level":"info","message":{"duration":"5ms","method":"GET","params":{},"path":"/api/students","query":{},"status":304},"timestamp":"2025-07-30T14:50:56.535Z"}
{"activeCourses":1,"activeStudents":1,"courseCounts":[{"_id":"688a3122c1a4331cf7d92ccd","count":1}],"graduates":0,"level":"info","message":"Dashboard statistics retrieved successfully:","successRate":0,"timestamp":"2025-07-30T14:50:56.544Z","totalCourses":1,"totalStudents":1}
{"level":"info","message":{"duration":"17ms","method":"GET","params":{},"path":"/api/dashboard/stats","query":{},"status":304},"timestamp":"2025-07-30T14:50:56.546Z"}
{"level":"info","message":"Retrieved 1 courses successfully","timestamp":"2025-07-30T14:51:09.172Z"}
{"level":"info","message":{"duration":"5ms","method":"GET","params":{},"path":"/api/courses","query":{},"status":304},"timestamp":"2025-07-30T14:51:09.174Z"}
{"level":"info","message":"Retrieved 1 courses successfully","timestamp":"2025-07-30T14:51:14.490Z"}
{"level":"info","message":{"duration":"3ms","method":"GET","params":{},"path":"/api/courses","query":{},"status":304},"timestamp":"2025-07-30T14:51:14.492Z"}
{"level":"info","message":"Retrieved 1 students successfully","timestamp":"2025-07-30T14:51:15.432Z"}
{"level":"info","message":{"duration":"5ms","method":"GET","params":{},"path":"/api/students","query":{},"status":304},"timestamp":"2025-07-30T14:51:15.434Z"}
{"activeCourses":1,"activeStudents":1,"courseCounts":[{"_id":"688a3122c1a4331cf7d92ccd","count":1}],"graduates":0,"level":"info","message":"Dashboard statistics retrieved successfully:","successRate":0,"timestamp":"2025-07-30T14:51:15.447Z","totalCourses":1,"totalStudents":1}
{"level":"info","message":{"duration":"20ms","method":"GET","params":{},"path":"/api/dashboard/stats","query":{},"status":304},"timestamp":"2025-07-30T14:51:15.448Z"}
{"level":"info","message":"Retrieved 1 students successfully","timestamp":"2025-07-30T14:51:16.090Z"}
{"level":"info","message":{"duration":"5ms","method":"GET","params":{},"path":"/api/students","query":{},"status":304},"timestamp":"2025-07-30T14:51:16.091Z"}
{"activeCourses":1,"activeStudents":1,"courseCounts":[{"_id":"688a3122c1a4331cf7d92ccd","count":1}],"graduates":0,"level":"info","message":"Dashboard statistics retrieved successfully:","successRate":0,"timestamp":"2025-07-30T14:51:16.105Z","totalCourses":1,"totalStudents":1}
{"level":"info","message":{"duration":"18ms","method":"GET","params":{},"path":"/api/dashboard/stats","query":{},"status":304},"timestamp":"2025-07-30T14:51:16.106Z"}
